This file contains any messages produced by compilers while
running configure, to aid debugging if configure makes a mistake.

It was created by ODE configure 0.12, which was
generated by GNU Autoconf 2.68.  Invocation command line was

  $ ./configure --enable-double-precision

## --------- ##
## Platform. ##
## --------- ##

hostname = David
uname -m = x86_64
uname -r = 3.13.0-93-generic
uname -s = Linux
uname -v = #140-Ubuntu SMP Mon Jul 18 21:21:05 UTC 2016

/usr/bin/uname -p = unknown
/bin/uname -X     = unknown

/bin/arch              = unknown
/usr/bin/arch -k       = unknown
/usr/convex/getsysinfo = unknown
/usr/bin/hostinfo      = unknown
/bin/machine           = unknown
/usr/bin/oslevel       = unknown
/bin/universe          = unknown

PATH: /home/vesalius/anaconda3/bin
PATH: /home/vesalius/bin
PATH: /usr/local/sbin
PATH: /usr/local/bin
PATH: /usr/sbin
PATH: /usr/bin
PATH: /sbin
PATH: /bin
PATH: /usr/games
PATH: /usr/local/games


## ----------- ##
## Core tests. ##
## ----------- ##

configure:2691: checking build system type
configure:2705: result: x86_64-unknown-linux-gnu
configure:2725: checking host system type
configure:2738: result: x86_64-unknown-linux-gnu
configure:2775: checking for a BSD-compatible install
configure:2843: result: /usr/bin/install -c
configure:2854: checking whether build environment is sane
configure:2904: result: yes
configure:3045: checking for a thread-safe mkdir -p
configure:3084: result: /bin/mkdir -p
configure:3097: checking for gawk
configure:3127: result: no
configure:3097: checking for mawk
configure:3113: found /usr/bin/mawk
configure:3124: result: mawk
configure:3135: checking whether make sets $(MAKE)
configure:3157: result: yes
configure:3240: checking whether make sets $(MAKE)
configure:3262: result: yes
configure:3329: checking for g++
configure:3345: found /usr/bin/g++
configure:3356: result: g++
configure:3383: checking for C++ compiler version
configure:3392: g++ --version >&5
g++ (Ubuntu 4.8.4-2ubuntu1~14.04.3) 4.8.4
Copyright (C) 2013 Free Software Foundation, Inc.
This is free software; see the source for copying conditions.  There is NO
warranty; not even for MERCHANTABILITY or FITNESS FOR A PARTICULAR PURPOSE.

configure:3403: $? = 0
configure:3392: g++ -v >&5
Using built-in specs.
COLLECT_GCC=g++
COLLECT_LTO_WRAPPER=/usr/lib/gcc/x86_64-linux-gnu/4.8/lto-wrapper
Target: x86_64-linux-gnu
Configured with: ../src/configure -v --with-pkgversion='Ubuntu 4.8.4-2ubuntu1~14.04.3' --with-bugurl=file:///usr/share/doc/gcc-4.8/README.Bugs --enable-languages=c,c++,java,go,d,fortran,objc,obj-c++ --prefix=/usr --program-suffix=-4.8 --enable-shared --enable-linker-build-id --libexecdir=/usr/lib --without-included-gettext --enable-threads=posix --with-gxx-include-dir=/usr/include/c++/4.8 --libdir=/usr/lib --enable-nls --with-sysroot=/ --enable-clocale=gnu --enable-libstdcxx-debug --enable-libstdcxx-time=yes --enable-gnu-unique-object --disable-libmudflap --enable-plugin --with-system-zlib --disable-browser-plugin --enable-java-awt=gtk --enable-gtk-cairo --with-java-home=/usr/lib/jvm/java-1.5.0-gcj-4.8-amd64/jre --enable-java-home --with-jvm-root-dir=/usr/lib/jvm/java-1.5.0-gcj-4.8-amd64 --with-jvm-jar-dir=/usr/lib/jvm-exports/java-1.5.0-gcj-4.8-amd64 --with-arch-directory=amd64 --with-ecj-jar=/usr/share/java/eclipse-ecj.jar --enable-objc-gc --enable-multiarch --disable-werror --with-arch-32=i686 --with-abi=m64 --with-multilib-list=m32,m64,mx32 --with-tune=generic --enable-checking=release --build=x86_64-linux-gnu --host=x86_64-linux-gnu --target=x86_64-linux-gnu
Thread model: posix
gcc version 4.8.4 (Ubuntu 4.8.4-2ubuntu1~14.04.3) 
configure:3403: $? = 0
configure:3392: g++ -V >&5
g++: error: unrecognized command line option '-V'
g++: fatal error: no input files
compilation terminated.
configure:3403: $? = 4
configure:3392: g++ -qversion >&5
g++: error: unrecognized command line option '-qversion'
g++: fatal error: no input files
compilation terminated.
configure:3403: $? = 4
configure:3423: checking whether the C++ compiler works
configure:3445: g++    conftest.cpp  >&5
configure:3449: $? = 0
configure:3497: result: yes
configure:3500: checking for C++ compiler default output file name
configure:3502: result: a.out
configure:3508: checking for suffix of executables
configure:3515: g++ -o conftest    conftest.cpp  >&5
configure:3519: $? = 0
configure:3541: result: 
configure:3563: checking whether we are cross compiling
configure:3571: g++ -o conftest    conftest.cpp  >&5
configure:3575: $? = 0
configure:3582: ./conftest
configure:3586: $? = 0
configure:3601: result: no
configure:3606: checking for suffix of object files
configure:3628: g++ -c   conftest.cpp >&5
configure:3632: $? = 0
configure:3653: result: o
configure:3657: checking whether we are using the GNU C++ compiler
configure:3676: g++ -c   conftest.cpp >&5
configure:3676: $? = 0
configure:3685: result: yes
configure:3694: checking whether g++ accepts -g
configure:3714: g++ -c -g  conftest.cpp >&5
configure:3714: $? = 0
configure:3755: result: yes
configure:3789: checking for style of include used by make
configure:3817: result: GNU
configure:3843: checking dependency style of g++
configure:3954: result: gcc3
configure:4017: checking for gcc
configure:4033: found /usr/bin/gcc
configure:4044: result: gcc
configure:4273: checking for C compiler version
configure:4282: gcc --version >&5
gcc (Ubuntu 4.8.4-2ubuntu1~14.04.3) 4.8.4
Copyright (C) 2013 Free Software Foundation, Inc.
This is free software; see the source for copying conditions.  There is NO
warranty; not even for MERCHANTABILITY or FITNESS FOR A PARTICULAR PURPOSE.

configure:4293: $? = 0
configure:4282: gcc -v >&5
Using built-in specs.
COLLECT_GCC=gcc
COLLECT_LTO_WRAPPER=/usr/lib/gcc/x86_64-linux-gnu/4.8/lto-wrapper
Target: x86_64-linux-gnu
Configured with: ../src/configure -v --with-pkgversion='Ubuntu 4.8.4-2ubuntu1~14.04.3' --with-bugurl=file:///usr/share/doc/gcc-4.8/README.Bugs --enable-languages=c,c++,java,go,d,fortran,objc,obj-c++ --prefix=/usr --program-suffix=-4.8 --enable-shared --enable-linker-build-id --libexecdir=/usr/lib --without-included-gettext --enable-threads=posix --with-gxx-include-dir=/usr/include/c++/4.8 --libdir=/usr/lib --enable-nls --with-sysroot=/ --enable-clocale=gnu --enable-libstdcxx-debug --enable-libstdcxx-time=yes --enable-gnu-unique-object --disable-libmudflap --enable-plugin --with-system-zlib --disable-browser-plugin --enable-java-awt=gtk --enable-gtk-cairo --with-java-home=/usr/lib/jvm/java-1.5.0-gcj-4.8-amd64/jre --enable-java-home --with-jvm-root-dir=/usr/lib/jvm/java-1.5.0-gcj-4.8-amd64 --with-jvm-jar-dir=/usr/lib/jvm-exports/java-1.5.0-gcj-4.8-amd64 --with-arch-directory=amd64 --with-ecj-jar=/usr/share/java/eclipse-ecj.jar --enable-objc-gc --enable-multiarch --disable-werror --with-arch-32=i686 --with-abi=m64 --with-multilib-list=m32,m64,mx32 --with-tune=generic --enable-checking=release --build=x86_64-linux-gnu --host=x86_64-linux-gnu --target=x86_64-linux-gnu
Thread model: posix
gcc version 4.8.4 (Ubuntu 4.8.4-2ubuntu1~14.04.3) 
configure:4293: $? = 0
configure:4282: gcc -V >&5
gcc: error: unrecognized command line option '-V'
gcc: fatal error: no input files
compilation terminated.
configure:4293: $? = 4
configure:4282: gcc -qversion >&5
gcc: error: unrecognized command line option '-qversion'
gcc: fatal error: no input files
compilation terminated.
configure:4293: $? = 4
configure:4297: checking whether we are using the GNU C compiler
configure:4316: gcc -c   conftest.c >&5
configure:4316: $? = 0
configure:4325: result: yes
configure:4334: checking whether gcc accepts -g
configure:4354: gcc -c -g  conftest.c >&5
configure:4354: $? = 0
configure:4395: result: yes
configure:4412: checking for gcc option to accept ISO C89
configure:4476: gcc  -c -g -O2  conftest.c >&5
configure:4476: $? = 0
configure:4489: result: none needed
configure:4511: checking dependency style of gcc
configure:4622: result: gcc3
configure:4638: checking whether gcc and cc understand -c and -o together
configure:4669: gcc -c conftest.c -o conftest2.o >&5
configure:4673: $? = 0
configure:4679: gcc -c conftest.c -o conftest2.o >&5
configure:4683: $? = 0
configure:4694: cc -c conftest.c >&5
configure:4698: $? = 0
configure:4706: cc -c conftest.c -o conftest2.o >&5
configure:4710: $? = 0
configure:4716: cc -c conftest.c -o conftest2.o >&5
configure:4720: $? = 0
configure:4738: result: yes
configure:4768: checking how to run the C preprocessor
configure:4799: gcc -E  conftest.c
configure:4799: $? = 0
configure:4813: gcc -E  conftest.c
conftest.c:11:28: fatal error: ac_nonexistent.h: No such file or directory
 #include <ac_nonexistent.h>
                            ^
compilation terminated.
configure:4813: $? = 1
configure: failed program was:
| /* confdefs.h */
| #define PACKAGE_NAME "ODE"
| #define PACKAGE_TARNAME "ode"
| #define PACKAGE_VERSION "0.12"
| #define PACKAGE_STRING "ODE 0.12"
| #define PACKAGE_BUGREPORT "ode@ode.org"
| #define PACKAGE_URL ""
| #define PACKAGE "ode"
| #define VERSION "0.12"
| /* end confdefs.h.  */
| #include <ac_nonexistent.h>
configure:4838: result: gcc -E
configure:4858: gcc -E  conftest.c
configure:4858: $? = 0
configure:4872: gcc -E  conftest.c
conftest.c:11:28: fatal error: ac_nonexistent.h: No such file or directory
 #include <ac_nonexistent.h>
                            ^
compilation terminated.
configure:4872: $? = 1
configure: failed program was:
| /* confdefs.h */
| #define PACKAGE_NAME "ODE"
| #define PACKAGE_TARNAME "ode"
| #define PACKAGE_VERSION "0.12"
| #define PACKAGE_STRING "ODE 0.12"
| #define PACKAGE_BUGREPORT "ode@ode.org"
| #define PACKAGE_URL ""
| #define PACKAGE "ode"
| #define VERSION "0.12"
| /* end confdefs.h.  */
| #include <ac_nonexistent.h>
configure:4904: checking for gawk
configure:4931: result: mawk
configure:4943: checking whether ln -s works
configure:4947: result: yes
configure:5032: checking how to print strings
configure:5059: result: printf
configure:5080: checking for a sed that does not truncate output
configure:5144: result: /bin/sed
configure:5162: checking for grep that handles long lines and -e
configure:5220: result: /bin/grep
configure:5225: checking for egrep
configure:5287: result: /bin/grep -E
configure:5292: checking for fgrep
configure:5354: result: /bin/grep -F
configure:5389: checking for ld used by gcc
configure:5456: result: /usr/bin/ld
configure:5463: checking if the linker (/usr/bin/ld) is GNU ld
configure:5478: result: yes
configure:5490: checking for BSD- or MS-compatible name lister (nm)
configure:5539: result: /usr/bin/nm -B
configure:5669: checking the name lister (/usr/bin/nm -B) interface
configure:5676: gcc -c -g -O2  conftest.c >&5
configure:5679: /usr/bin/nm -B "conftest.o"
configure:5682: output
0000000000000000 B some_variable
configure:5689: result: BSD nm
configure:5693: checking the maximum length of command line arguments
configure:5823: result: 1572864
configure:5840: checking whether the shell understands some XSI constructs
configure:5850: result: yes
configure:5854: checking whether the shell understands "+="
configure:5860: result: yes
configure:5895: checking how to convert x86_64-unknown-linux-gnu file names to x86_64-unknown-linux-gnu format
configure:5935: result: func_convert_file_noop
configure:5942: checking how to convert x86_64-unknown-linux-gnu file names to toolchain format
configure:5962: result: func_convert_file_noop
configure:5969: checking for /usr/bin/ld option to reload object files
configure:5976: result: -r
configure:6050: checking for objdump
configure:6066: found /usr/bin/objdump
configure:6077: result: objdump
configure:6106: checking how to recognize dependent libraries
configure:6308: result: pass_all
configure:6393: checking for dlltool
configure:6423: result: no
configure:6450: checking how to associate runtime and link libraries
configure:6477: result: printf %s\n
configure:6538: checking for ar
configure:6554: found /usr/bin/ar
configure:6565: result: ar
configure:6602: checking for archiver @FILE support
configure:6619: gcc -c -g -O2  conftest.c >&5
configure:6619: $? = 0
configure:6622: ar cru libconftest.a @conftest.lst >&5
configure:6625: $? = 0
configure:6630: ar cru libconftest.a @conftest.lst >&5
ar: conftest.o: No such file or directory
configure:6633: $? = 1
configure:6645: result: @
configure:6703: checking for strip
configure:6719: found /usr/bin/strip
configure:6730: result: strip
configure:6802: checking for ranlib
configure:6818: found /usr/bin/ranlib
configure:6829: result: ranlib
configure:6931: checking command to parse /usr/bin/nm -B output from gcc object
configure:7051: gcc -c -g -O2  conftest.c >&5
configure:7054: $? = 0
configure:7058: /usr/bin/nm -B conftest.o \| sed -n -e 's/^.*[ ]\([ABCDGIRSTW][ABCDGIRSTW]*\)[ ][ ]*\([_A-Za-z][_A-Za-z0-9]*\)$/\1 \2 \2/p' | sed '/ __gnu_lto/d' \> conftest.nm
configure:7061: $? = 0
configure:7127: gcc -o conftest -g -O2   conftest.c conftstm.o >&5
configure:7130: $? = 0
configure:7168: result: ok
configure:7205: checking for sysroot
configure:7235: result: no
configure:7312: gcc -c -g -O2  conftest.c >&5
configure:7315: $? = 0
configure:7491: checking for mt
configure:7507: found /bin/mt
configure:7518: result: mt
configure:7541: checking if mt is a manifest tool
configure:7547: mt '-?'
configure:7555: result: no
configure:8193: checking for ANSI C header files
configure:8213: gcc -c -g -O2  conftest.c >&5
configure:8213: $? = 0
configure:8286: gcc -o conftest -g -O2   conftest.c  >&5
configure:8286: $? = 0
configure:8286: ./conftest
configure:8286: $? = 0
configure:8297: result: yes
configure:8310: checking for sys/types.h
configure:8310: gcc -c -g -O2  conftest.c >&5
configure:8310: $? = 0
configure:8310: result: yes
configure:8310: checking for sys/stat.h
configure:8310: gcc -c -g -O2  conftest.c >&5
configure:8310: $? = 0
configure:8310: result: yes
configure:8310: checking for stdlib.h
configure:8310: gcc -c -g -O2  conftest.c >&5
configure:8310: $? = 0
configure:8310: result: yes
configure:8310: checking for string.h
configure:8310: gcc -c -g -O2  conftest.c >&5
configure:8310: $? = 0
configure:8310: result: yes
configure:8310: checking for memory.h
configure:8310: gcc -c -g -O2  conftest.c >&5
configure:8310: $? = 0
configure:8310: result: yes
configure:8310: checking for strings.h
configure:8310: gcc -c -g -O2  conftest.c >&5
configure:8310: $? = 0
configure:8310: result: yes
configure:8310: checking for inttypes.h
configure:8310: gcc -c -g -O2  conftest.c >&5
configure:8310: $? = 0
configure:8310: result: yes
configure:8310: checking for stdint.h
configure:8310: gcc -c -g -O2  conftest.c >&5
configure:8310: $? = 0
configure:8310: result: yes
configure:8310: checking for unistd.h
configure:8310: gcc -c -g -O2  conftest.c >&5
configure:8310: $? = 0
configure:8310: result: yes
configure:8324: checking for dlfcn.h
configure:8324: gcc -c -g -O2  conftest.c >&5
configure:8324: $? = 0
configure:8324: result: yes
configure:8835: checking for objdir
configure:8850: result: .libs
configure:9121: checking if gcc supports -fno-rtti -fno-exceptions
configure:9139: gcc -c -g -O2  -fno-rtti -fno-exceptions conftest.c >&5
cc1: warning: command line option '-fno-rtti' is valid for C++/ObjC++ but not for C [enabled by default]
configure:9143: $? = 0
configure:9156: result: no
configure:9483: checking for gcc option to produce PIC
configure:9490: result: -fPIC -DPIC
configure:9498: checking if gcc PIC flag -fPIC -DPIC works
configure:9516: gcc -c -g -O2  -fPIC -DPIC -DPIC conftest.c >&5
configure:9520: $? = 0
configure:9533: result: yes
configure:9562: checking if gcc static flag -static works
configure:9590: result: yes
configure:9605: checking if gcc supports -c -o file.o
configure:9626: gcc -c -g -O2  -o out/conftest2.o conftest.c >&5
configure:9630: $? = 0
configure:9652: result: yes
configure:9660: checking if gcc supports -c -o file.o
configure:9707: result: yes
configure:9740: checking whether the gcc linker (/usr/bin/ld -m elf_x86_64) supports shared libraries
configure:10894: result: yes
configure:11134: checking dynamic linker characteristics
configure:11645: gcc -o conftest -g -O2   -Wl,-rpath -Wl,/foo conftest.c  >&5
configure:11645: $? = 0
configure:11669: gcc -c -g -O2  conftest.c >&5
configure:11672: $? = 0
configure:11889: result: GNU/Linux ld.so
configure:11996: checking how to hardcode library paths into programs
configure:12021: result: immediate
configure:12561: checking whether stripping libraries is possible
configure:12566: result: yes
configure:12601: checking if libtool supports shared libraries
configure:12603: result: yes
configure:12606: checking whether to build shared libraries
configure:12627: result: no
configure:12630: checking whether to build static libraries
configure:12634: result: yes
configure:12657: checking how to run the C++ preprocessor
configure:12684: g++ -E  conftest.cpp
configure:12684: $? = 0
configure:12698: g++ -E  conftest.cpp
conftest.cpp:23:28: fatal error: ac_nonexistent.h: No such file or directory
 #include <ac_nonexistent.h>
                            ^
compilation terminated.
configure:12698: $? = 1
configure: failed program was:
| /* confdefs.h */
| #define PACKAGE_NAME "ODE"
| #define PACKAGE_TARNAME "ode"
| #define PACKAGE_VERSION "0.12"
| #define PACKAGE_STRING "ODE 0.12"
| #define PACKAGE_BUGREPORT "ode@ode.org"
| #define PACKAGE_URL ""
| #define PACKAGE "ode"
| #define VERSION "0.12"
| #define STDC_HEADERS 1
| #define HAVE_SYS_TYPES_H 1
| #define HAVE_SYS_STAT_H 1
| #define HAVE_STDLIB_H 1
| #define HAVE_STRING_H 1
| #define HAVE_MEMORY_H 1
| #define HAVE_STRINGS_H 1
| #define HAVE_INTTYPES_H 1
| #define HAVE_STDINT_H 1
| #define HAVE_UNISTD_H 1
| #define HAVE_DLFCN_H 1
| #define LT_OBJDIR ".libs/"
| /* end confdefs.h.  */
| #include <ac_nonexistent.h>
configure:12723: result: g++ -E
configure:12743: g++ -E  conftest.cpp
configure:12743: $? = 0
configure:12757: g++ -E  conftest.cpp
conftest.cpp:23:28: fatal error: ac_nonexistent.h: No such file or directory
 #include <ac_nonexistent.h>
                            ^
compilation terminated.
configure:12757: $? = 1
configure: failed program was:
| /* confdefs.h */
| #define PACKAGE_NAME "ODE"
| #define PACKAGE_TARNAME "ode"
| #define PACKAGE_VERSION "0.12"
| #define PACKAGE_STRING "ODE 0.12"
| #define PACKAGE_BUGREPORT "ode@ode.org"
| #define PACKAGE_URL ""
| #define PACKAGE "ode"
| #define VERSION "0.12"
| #define STDC_HEADERS 1
| #define HAVE_SYS_TYPES_H 1
| #define HAVE_SYS_STAT_H 1
| #define HAVE_STDLIB_H 1
| #define HAVE_STRING_H 1
| #define HAVE_MEMORY_H 1
| #define HAVE_STRINGS_H 1
| #define HAVE_INTTYPES_H 1
| #define HAVE_STDINT_H 1
| #define HAVE_UNISTD_H 1
| #define HAVE_DLFCN_H 1
| #define LT_OBJDIR ".libs/"
| /* end confdefs.h.  */
| #include <ac_nonexistent.h>
configure:12926: checking for ld used by g++
configure:12993: result: /usr/bin/ld -m elf_x86_64
configure:13000: checking if the linker (/usr/bin/ld -m elf_x86_64) is GNU ld
configure:13015: result: yes
configure:13070: checking whether the g++ linker (/usr/bin/ld -m elf_x86_64) supports shared libraries
configure:14076: result: yes
configure:14112: g++ -c -g -O2  conftest.cpp >&5
configure:14115: $? = 0
configure:14635: checking for g++ option to produce PIC
configure:14642: result: -fPIC -DPIC
configure:14650: checking if g++ PIC flag -fPIC -DPIC works
configure:14668: g++ -c -g -O2  -fPIC -DPIC -DPIC conftest.cpp >&5
configure:14672: $? = 0
configure:14685: result: yes
configure:14708: checking if g++ static flag -static works
configure:14736: result: yes
configure:14748: checking if g++ supports -c -o file.o
configure:14769: g++ -c -g -O2  -o out/conftest2.o conftest.cpp >&5
configure:14773: $? = 0
configure:14795: result: yes
configure:14800: checking if g++ supports -c -o file.o
configure:14847: result: yes
configure:14877: checking whether the g++ linker (/usr/bin/ld -m elf_x86_64) supports shared libraries
configure:14916: result: yes
configure:15057: checking dynamic linker characteristics
configure:15526: g++ -c -g -O2  conftest.cpp >&5
configure:15529: $? = 0
configure:15746: result: GNU/Linux ld.so
configure:15799: checking how to hardcode library paths into programs
configure:15824: result: immediate
configure:15934: checking for windres
configure:15964: result: no
configure:15986: checking whether byte ordering is bigendian
configure:16001: gcc -c -g -O2  conftest.c >&5
conftest.c:24:9: error: unknown type name 'not'
         not a universal capable compiler
         ^
conftest.c:24:15: error: expected '=', ',', ';', 'asm' or '__attribute__' before 'universal'
         not a universal capable compiler
               ^
conftest.c:24:15: error: unknown type name 'universal'
configure:16001: $? = 1
configure: failed program was:
| /* confdefs.h */
| #define PACKAGE_NAME "ODE"
| #define PACKAGE_TARNAME "ode"
| #define PACKAGE_VERSION "0.12"
| #define PACKAGE_STRING "ODE 0.12"
| #define PACKAGE_BUGREPORT "ode@ode.org"
| #define PACKAGE_URL ""
| #define PACKAGE "ode"
| #define VERSION "0.12"
| #define STDC_HEADERS 1
| #define HAVE_SYS_TYPES_H 1
| #define HAVE_SYS_STAT_H 1
| #define HAVE_STDLIB_H 1
| #define HAVE_STRING_H 1
| #define HAVE_MEMORY_H 1
| #define HAVE_STRINGS_H 1
| #define HAVE_INTTYPES_H 1
| #define HAVE_STDINT_H 1
| #define HAVE_UNISTD_H 1
| #define HAVE_DLFCN_H 1
| #define LT_OBJDIR ".libs/"
| /* end confdefs.h.  */
| #ifndef __APPLE_CC__
| 	       not a universal capable compiler
| 	     #endif
| 	     typedef int dummy;
| 
configure:16046: gcc -c -g -O2  conftest.c >&5
configure:16046: $? = 0
configure:16064: gcc -c -g -O2  conftest.c >&5
conftest.c: In function 'main':
conftest.c:30:4: error: unknown type name 'not'
    not big endian
    ^
conftest.c:30:12: error: expected '=', ',', ';', 'asm' or '__attribute__' before 'endian'
    not big endian
            ^
configure:16064: $? = 1
configure: failed program was:
| /* confdefs.h */
| #define PACKAGE_NAME "ODE"
| #define PACKAGE_TARNAME "ode"
| #define PACKAGE_VERSION "0.12"
| #define PACKAGE_STRING "ODE 0.12"
| #define PACKAGE_BUGREPORT "ode@ode.org"
| #define PACKAGE_URL ""
| #define PACKAGE "ode"
| #define VERSION "0.12"
| #define STDC_HEADERS 1
| #define HAVE_SYS_TYPES_H 1
| #define HAVE_SYS_STAT_H 1
| #define HAVE_STDLIB_H 1
| #define HAVE_STRING_H 1
| #define HAVE_MEMORY_H 1
| #define HAVE_STRINGS_H 1
| #define HAVE_INTTYPES_H 1
| #define HAVE_STDINT_H 1
| #define HAVE_UNISTD_H 1
| #define HAVE_DLFCN_H 1
| #define LT_OBJDIR ".libs/"
| /* end confdefs.h.  */
| #include <sys/types.h>
| 		#include <sys/param.h>
| 
| int
| main ()
| {
| #if BYTE_ORDER != BIG_ENDIAN
| 		 not big endian
| 		#endif
| 
|   ;
|   return 0;
| }
configure:16192: result: no
configure:16210: checking for inline
configure:16226: gcc -c -g -O2  conftest.c >&5
configure:16226: $? = 0
configure:16234: result: inline
configure:16252: checking for working volatile
configure:16271: gcc -c -g -O2  conftest.c >&5
configure:16271: $? = 0
configure:16278: result: yes
configure:16339: checking for pkg-config
configure:16357: found /usr/bin/pkg-config
configure:16369: result: /usr/bin/pkg-config
configure:16394: checking pkg-config is at least version 0.9.0
configure:16397: result: yes
configure:16444: checking alloca.h usability
configure:16444: gcc -c -g -O2  conftest.c >&5
configure:16444: $? = 0
configure:16444: result: yes
configure:16444: checking alloca.h presence
configure:16444: gcc -E  conftest.c
configure:16444: $? = 0
configure:16444: result: yes
configure:16444: checking for alloca.h
configure:16444: result: yes
configure:16444: checking stdio.h usability
configure:16444: gcc -c -g -O2  conftest.c >&5
configure:16444: $? = 0
configure:16444: result: yes
configure:16444: checking stdio.h presence
configure:16444: gcc -E  conftest.c
configure:16444: $? = 0
configure:16444: result: yes
configure:16444: checking for stdio.h
configure:16444: result: yes
configure:16444: checking for inttypes.h
configure:16444: result: yes
configure:16444: checking for stdint.h
configure:16444: result: yes
configure:16444: checking for stdlib.h
configure:16444: result: yes
configure:16444: checking math.h usability
configure:16444: gcc -c -g -O2  conftest.c >&5
configure:16444: $? = 0
configure:16444: result: yes
configure:16444: checking math.h presence
configure:16444: gcc -E  conftest.c
configure:16444: $? = 0
configure:16444: result: yes
configure:16444: checking for math.h
configure:16444: result: yes
configure:16444: checking for string.h
configure:16444: result: yes
configure:16444: checking stdarg.h usability
configure:16444: gcc -c -g -O2  conftest.c >&5
configure:16444: $? = 0
configure:16444: result: yes
configure:16444: checking stdarg.h presence
configure:16444: gcc -E  conftest.c
configure:16444: $? = 0
configure:16444: result: yes
configure:16444: checking for stdarg.h
configure:16444: result: yes
configure:16444: checking malloc.h usability
configure:16444: gcc -c -g -O2  conftest.c >&5
configure:16444: $? = 0
configure:16444: result: yes
configure:16444: checking malloc.h presence
configure:16444: gcc -E  conftest.c
configure:16444: $? = 0
configure:16444: result: yes
configure:16444: checking for malloc.h
configure:16444: result: yes
configure:16444: checking float.h usability
configure:16444: gcc -c -g -O2  conftest.c >&5
configure:16444: $? = 0
configure:16444: result: yes
configure:16444: checking float.h presence
configure:16444: gcc -E  conftest.c
configure:16444: $? = 0
configure:16444: result: yes
configure:16444: checking for float.h
configure:16444: result: yes
configure:16444: checking time.h usability
configure:16444: gcc -c -g -O2  conftest.c >&5
configure:16444: $? = 0
configure:16444: result: yes
configure:16444: checking time.h presence
configure:16444: gcc -E  conftest.c
configure:16444: $? = 0
configure:16444: result: yes
configure:16444: checking for time.h
configure:16444: result: yes
configure:16444: checking sys/time.h usability
configure:16444: gcc -c -g -O2  conftest.c >&5
configure:16444: $? = 0
configure:16444: result: yes
configure:16444: checking sys/time.h presence
configure:16444: gcc -E  conftest.c
configure:16444: $? = 0
configure:16444: result: yes
configure:16444: checking for sys/time.h
configure:16444: result: yes
configure:16444: checking limits.h usability
configure:16444: gcc -c -g -O2  conftest.c >&5
configure:16444: $? = 0
configure:16444: result: yes
configure:16444: checking limits.h presence
configure:16444: gcc -E  conftest.c
configure:16444: $? = 0
configure:16444: result: yes
configure:16444: checking for limits.h
configure:16444: result: yes
configure:16444: checking stddef.h usability
configure:16444: gcc -c -g -O2  conftest.c >&5
configure:16444: $? = 0
configure:16444: result: yes
configure:16444: checking stddef.h presence
configure:16444: gcc -E  conftest.c
configure:16444: $? = 0
configure:16444: result: yes
configure:16444: checking for stddef.h
configure:16444: result: yes
configure:16502: checking if double precision is requested
configure:16511: result: yes
configure:16560: checking which drawstuff lib to build
configure:16562: result: X11
configure:16571: checking for X11
configure:16578: $PKG_CONFIG --exists --print-errors "x11"
configure:16581: $? = 0
configure:16594: $PKG_CONFIG --exists --print-errors "x11"
configure:16597: $? = 0
configure:16634: result: yes
configure:16650: checking for GL/gl.h
configure:16650: gcc -c -g -O2  -DdDOUBLE conftest.c >&5
configure:16650: $? = 0
configure:16650: result: yes
configure:16650: checking for GL/glu.h
configure:16650: gcc -c -g -O2  -DdDOUBLE conftest.c >&5
configure:16650: $? = 0
configure:16650: result: yes
configure:16650: checking for GL/glext.h
configure:16650: gcc -c -g -O2  -DdDOUBLE conftest.c >&5
configure:16650: $? = 0
configure:16650: result: yes
configure:16675: checking for main in -lGL
configure:16694: gcc -o conftest -g -O2  -DdDOUBLE  conftest.c -lGL   >&5
configure:16694: $? = 0
configure:16703: result: yes
configure:16709: checking for main in -lGLU
configure:16728: gcc -o conftest -g -O2  -DdDOUBLE  conftest.c -lGLU -lGL  >&5
configure:16728: $? = 0
configure:16737: result: yes
configure:16743: checking for main in -lopengl32
configure:16762: gcc -o conftest -g -O2  -DdDOUBLE  conftest.c -lopengl32   >&5
/usr/bin/ld: cannot find -lopengl32
collect2: error: ld returned 1 exit status
configure:16762: $? = 1
configure: failed program was:
| /* confdefs.h */
| #define PACKAGE_NAME "ODE"
| #define PACKAGE_TARNAME "ode"
| #define PACKAGE_VERSION "0.12"
| #define PACKAGE_STRING "ODE 0.12"
| #define PACKAGE_BUGREPORT "ode@ode.org"
| #define PACKAGE_URL ""
| #define PACKAGE "ode"
| #define VERSION "0.12"
| #define STDC_HEADERS 1
| #define HAVE_SYS_TYPES_H 1
| #define HAVE_SYS_STAT_H 1
| #define HAVE_STDLIB_H 1
| #define HAVE_STRING_H 1
| #define HAVE_MEMORY_H 1
| #define HAVE_STRINGS_H 1
| #define HAVE_INTTYPES_H 1
| #define HAVE_STDINT_H 1
| #define HAVE_UNISTD_H 1
| #define HAVE_DLFCN_H 1
| #define LT_OBJDIR ".libs/"
| #define X86_64_SYSTEM 1
| #define HAVE_ALLOCA_H 1
| #define HAVE_STDIO_H 1
| #define HAVE_INTTYPES_H 1
| #define HAVE_STDINT_H 1
| #define HAVE_STDLIB_H 1
| #define HAVE_MATH_H 1
| #define HAVE_STRING_H 1
| #define HAVE_STDARG_H 1
| #define HAVE_MALLOC_H 1
| #define HAVE_FLOAT_H 1
| #define HAVE_TIME_H 1
| #define HAVE_SYS_TIME_H 1
| #define HAVE_LIMITS_H 1
| #define HAVE_STDDEF_H 1
| #define HAVE_GL_GL_H 1
| #define HAVE_GL_GLU_H 1
| #define HAVE_GL_GLEXT_H 1
| /* end confdefs.h.  */
| 
| 
| int
| main ()
| {
| return main ();
|   ;
|   return 0;
| }
configure:16771: result: no
configure:16777: checking for main in -lglu32
configure:16796: gcc -o conftest -g -O2  -DdDOUBLE  conftest.c -lglu32 -lopengl32  >&5
/usr/bin/ld: cannot find -lglu32
/usr/bin/ld: cannot find -lopengl32
collect2: error: ld returned 1 exit status
configure:16796: $? = 1
configure: failed program was:
| /* confdefs.h */
| #define PACKAGE_NAME "ODE"
| #define PACKAGE_TARNAME "ode"
| #define PACKAGE_VERSION "0.12"
| #define PACKAGE_STRING "ODE 0.12"
| #define PACKAGE_BUGREPORT "ode@ode.org"
| #define PACKAGE_URL ""
| #define PACKAGE "ode"
| #define VERSION "0.12"
| #define STDC_HEADERS 1
| #define HAVE_SYS_TYPES_H 1
| #define HAVE_SYS_STAT_H 1
| #define HAVE_STDLIB_H 1
| #define HAVE_STRING_H 1
| #define HAVE_MEMORY_H 1
| #define HAVE_STRINGS_H 1
| #define HAVE_INTTYPES_H 1
| #define HAVE_STDINT_H 1
| #define HAVE_UNISTD_H 1
| #define HAVE_DLFCN_H 1
| #define LT_OBJDIR ".libs/"
| #define X86_64_SYSTEM 1
| #define HAVE_ALLOCA_H 1
| #define HAVE_STDIO_H 1
| #define HAVE_INTTYPES_H 1
| #define HAVE_STDINT_H 1
| #define HAVE_STDLIB_H 1
| #define HAVE_MATH_H 1
| #define HAVE_STRING_H 1
| #define HAVE_STDARG_H 1
| #define HAVE_MALLOC_H 1
| #define HAVE_FLOAT_H 1
| #define HAVE_TIME_H 1
| #define HAVE_SYS_TIME_H 1
| #define HAVE_LIMITS_H 1
| #define HAVE_STDDEF_H 1
| #define HAVE_GL_GL_H 1
| #define HAVE_GL_GLU_H 1
| #define HAVE_GL_GLEXT_H 1
| /* end confdefs.h.  */
| 
| 
| int
| main ()
| {
| return main ();
|   ;
|   return 0;
| }
configure:16805: result: no
configure:16851: checking if demos should be built
configure:16867: result: yes
configure:16872: checking for main in -lstdc++
configure:16891: gcc -o conftest -g -O2  -DdDOUBLE  conftest.c -lstdc++   >&5
configure:16891: $? = 0
configure:16900: result: yes
configure:16909: checking for main in -lpthread
configure:16928: gcc -o conftest -g -O2  -DdDOUBLE  conftest.c -lpthread   >&5
configure:16928: $? = 0
configure:16937: result: yes
configure:16971: checking for gprof
configure:17021: result: no
configure:17026: checking for stdbool.h that conforms to C99
configure:17093: gcc -c -g -O2  -DdDOUBLE conftest.c >&5
configure:17093: $? = 0
configure:17100: result: yes
configure:17102: checking for _Bool
configure:17102: gcc -c -g -O2  -DdDOUBLE conftest.c >&5
configure:17102: $? = 0
configure:17102: gcc -c -g -O2  -DdDOUBLE conftest.c >&5
conftest.c: In function 'main':
conftest.c:77:20: error: expected expression before ')' token
 if (sizeof ((_Bool)))
                    ^
configure:17102: $? = 1
configure: failed program was:
| /* confdefs.h */
| #define PACKAGE_NAME "ODE"
| #define PACKAGE_TARNAME "ode"
| #define PACKAGE_VERSION "0.12"
| #define PACKAGE_STRING "ODE 0.12"
| #define PACKAGE_BUGREPORT "ode@ode.org"
| #define PACKAGE_URL ""
| #define PACKAGE "ode"
| #define VERSION "0.12"
| #define STDC_HEADERS 1
| #define HAVE_SYS_TYPES_H 1
| #define HAVE_SYS_STAT_H 1
| #define HAVE_STDLIB_H 1
| #define HAVE_STRING_H 1
| #define HAVE_MEMORY_H 1
| #define HAVE_STRINGS_H 1
| #define HAVE_INTTYPES_H 1
| #define HAVE_STDINT_H 1
| #define HAVE_UNISTD_H 1
| #define HAVE_DLFCN_H 1
| #define LT_OBJDIR ".libs/"
| #define X86_64_SYSTEM 1
| #define HAVE_ALLOCA_H 1
| #define HAVE_STDIO_H 1
| #define HAVE_INTTYPES_H 1
| #define HAVE_STDINT_H 1
| #define HAVE_STDLIB_H 1
| #define HAVE_MATH_H 1
| #define HAVE_STRING_H 1
| #define HAVE_STDARG_H 1
| #define HAVE_MALLOC_H 1
| #define HAVE_FLOAT_H 1
| #define HAVE_TIME_H 1
| #define HAVE_SYS_TIME_H 1
| #define HAVE_LIMITS_H 1
| #define HAVE_STDDEF_H 1
| #define HAVE_GL_GL_H 1
| #define HAVE_GL_GLU_H 1
| #define HAVE_GL_GLEXT_H 1
| /* end confdefs.h.  */
| #include <stdio.h>
| #ifdef HAVE_SYS_TYPES_H
| # include <sys/types.h>
| #endif
| #ifdef HAVE_SYS_STAT_H
| # include <sys/stat.h>
| #endif
| #ifdef STDC_HEADERS
| # include <stdlib.h>
| # include <stddef.h>
| #else
| # ifdef HAVE_STDLIB_H
| #  include <stdlib.h>
| # endif
| #endif
| #ifdef HAVE_STRING_H
| # if !defined STDC_HEADERS && defined HAVE_MEMORY_H
| #  include <memory.h>
| # endif
| # include <string.h>
| #endif
| #ifdef HAVE_STRINGS_H
| # include <strings.h>
| #endif
| #ifdef HAVE_INTTYPES_H
| # include <inttypes.h>
| #endif
| #ifdef HAVE_STDINT_H
| # include <stdint.h>
| #endif
| #ifdef HAVE_UNISTD_H
| # include <unistd.h>
| #endif
| int
| main ()
| {
| if (sizeof ((_Bool)))
| 	    return 0;
|   ;
|   return 0;
| }
configure:17102: result: yes
configure:17118: checking for inline
configure:17142: result: inline
configure:17160: checking for int32_t
configure:17160: gcc -c -g -O2  -DdDOUBLE conftest.c >&5
configure:17160: $? = 0
configure:17160: gcc -c -g -O2  -DdDOUBLE conftest.c >&5
conftest.c: In function 'main':
conftest.c:81:53: warning: integer overflow in expression [-Woverflow]
    < (int32_t) (((((int32_t) 1 << N) << N) - 1) * 2 + 2))];
                                                     ^
conftest.c:80:12: error: storage size of 'test_array' isn't constant
 static int test_array [1 - 2 * !((int32_t) (((((int32_t) 1 << N) << N) - 1) * 2 + 1)
            ^
configure:17160: $? = 1
configure: failed program was:
| /* confdefs.h */
| #define PACKAGE_NAME "ODE"
| #define PACKAGE_TARNAME "ode"
| #define PACKAGE_VERSION "0.12"
| #define PACKAGE_STRING "ODE 0.12"
| #define PACKAGE_BUGREPORT "ode@ode.org"
| #define PACKAGE_URL ""
| #define PACKAGE "ode"
| #define VERSION "0.12"
| #define STDC_HEADERS 1
| #define HAVE_SYS_TYPES_H 1
| #define HAVE_SYS_STAT_H 1
| #define HAVE_STDLIB_H 1
| #define HAVE_STRING_H 1
| #define HAVE_MEMORY_H 1
| #define HAVE_STRINGS_H 1
| #define HAVE_INTTYPES_H 1
| #define HAVE_STDINT_H 1
| #define HAVE_UNISTD_H 1
| #define HAVE_DLFCN_H 1
| #define LT_OBJDIR ".libs/"
| #define X86_64_SYSTEM 1
| #define HAVE_ALLOCA_H 1
| #define HAVE_STDIO_H 1
| #define HAVE_INTTYPES_H 1
| #define HAVE_STDINT_H 1
| #define HAVE_STDLIB_H 1
| #define HAVE_MATH_H 1
| #define HAVE_STRING_H 1
| #define HAVE_STDARG_H 1
| #define HAVE_MALLOC_H 1
| #define HAVE_FLOAT_H 1
| #define HAVE_TIME_H 1
| #define HAVE_SYS_TIME_H 1
| #define HAVE_LIMITS_H 1
| #define HAVE_STDDEF_H 1
| #define HAVE_GL_GL_H 1
| #define HAVE_GL_GLU_H 1
| #define HAVE_GL_GLEXT_H 1
| #define HAVE__BOOL 1
| #define HAVE_STDBOOL_H 1
| /* end confdefs.h.  */
| #include <stdio.h>
| #ifdef HAVE_SYS_TYPES_H
| # include <sys/types.h>
| #endif
| #ifdef HAVE_SYS_STAT_H
| # include <sys/stat.h>
| #endif
| #ifdef STDC_HEADERS
| # include <stdlib.h>
| # include <stddef.h>
| #else
| # ifdef HAVE_STDLIB_H
| #  include <stdlib.h>
| # endif
| #endif
| #ifdef HAVE_STRING_H
| # if !defined STDC_HEADERS && defined HAVE_MEMORY_H
| #  include <memory.h>
| # endif
| # include <string.h>
| #endif
| #ifdef HAVE_STRINGS_H
| # include <strings.h>
| #endif
| #ifdef HAVE_INTTYPES_H
| # include <inttypes.h>
| #endif
| #ifdef HAVE_STDINT_H
| # include <stdint.h>
| #endif
| #ifdef HAVE_UNISTD_H
| # include <unistd.h>
| #endif
| 	        enum { N = 32 / 2 - 1 };
| int
| main ()
| {
| static int test_array [1 - 2 * !((int32_t) (((((int32_t) 1 << N) << N) - 1) * 2 + 1)
| 		 < (int32_t) (((((int32_t) 1 << N) << N) - 1) * 2 + 2))];
| test_array [0] = 0
| 
|   ;
|   return 0;
| }
configure:17160: result: yes
configure:17171: checking for obstacks
configure:17192: gcc -o conftest -g -O2  -DdDOUBLE  conftest.c  -lpthread >&5
configure:17192: $? = 0
configure:17200: result: yes
configure:17215: checking for size_t
configure:17215: gcc -c -g -O2  -DdDOUBLE conftest.c >&5
configure:17215: $? = 0
configure:17215: gcc -c -g -O2  -DdDOUBLE conftest.c >&5
conftest.c: In function 'main':
conftest.c:80:21: error: expected expression before ')' token
 if (sizeof ((size_t)))
                     ^
configure:17215: $? = 1
configure: failed program was:
| /* confdefs.h */
| #define PACKAGE_NAME "ODE"
| #define PACKAGE_TARNAME "ode"
| #define PACKAGE_VERSION "0.12"
| #define PACKAGE_STRING "ODE 0.12"
| #define PACKAGE_BUGREPORT "ode@ode.org"
| #define PACKAGE_URL ""
| #define PACKAGE "ode"
| #define VERSION "0.12"
| #define STDC_HEADERS 1
| #define HAVE_SYS_TYPES_H 1
| #define HAVE_SYS_STAT_H 1
| #define HAVE_STDLIB_H 1
| #define HAVE_STRING_H 1
| #define HAVE_MEMORY_H 1
| #define HAVE_STRINGS_H 1
| #define HAVE_INTTYPES_H 1
| #define HAVE_STDINT_H 1
| #define HAVE_UNISTD_H 1
| #define HAVE_DLFCN_H 1
| #define LT_OBJDIR ".libs/"
| #define X86_64_SYSTEM 1
| #define HAVE_ALLOCA_H 1
| #define HAVE_STDIO_H 1
| #define HAVE_INTTYPES_H 1
| #define HAVE_STDINT_H 1
| #define HAVE_STDLIB_H 1
| #define HAVE_MATH_H 1
| #define HAVE_STRING_H 1
| #define HAVE_STDARG_H 1
| #define HAVE_MALLOC_H 1
| #define HAVE_FLOAT_H 1
| #define HAVE_TIME_H 1
| #define HAVE_SYS_TIME_H 1
| #define HAVE_LIMITS_H 1
| #define HAVE_STDDEF_H 1
| #define HAVE_GL_GL_H 1
| #define HAVE_GL_GLU_H 1
| #define HAVE_GL_GLEXT_H 1
| #define HAVE__BOOL 1
| #define HAVE_STDBOOL_H 1
| #define HAVE_OBSTACK 1
| /* end confdefs.h.  */
| #include <stdio.h>
| #ifdef HAVE_SYS_TYPES_H
| # include <sys/types.h>
| #endif
| #ifdef HAVE_SYS_STAT_H
| # include <sys/stat.h>
| #endif
| #ifdef STDC_HEADERS
| # include <stdlib.h>
| # include <stddef.h>
| #else
| # ifdef HAVE_STDLIB_H
| #  include <stdlib.h>
| # endif
| #endif
| #ifdef HAVE_STRING_H
| # if !defined STDC_HEADERS && defined HAVE_MEMORY_H
| #  include <memory.h>
| # endif
| # include <string.h>
| #endif
| #ifdef HAVE_STRINGS_H
| # include <strings.h>
| #endif
| #ifdef HAVE_INTTYPES_H
| # include <inttypes.h>
| #endif
| #ifdef HAVE_STDINT_H
| # include <stdint.h>
| #endif
| #ifdef HAVE_UNISTD_H
| # include <unistd.h>
| #endif
| int
| main ()
| {
| if (sizeof ((size_t)))
| 	    return 0;
|   ;
|   return 0;
| }
configure:17215: result: yes
configure:17226: checking for uint32_t
configure:17226: gcc -c -g -O2  -DdDOUBLE conftest.c >&5
configure:17226: $? = 0
configure:17226: result: yes
configure:17241: checking for main in -lm
configure:17260: gcc -o conftest -g -O2  -DdDOUBLE  conftest.c -lm   -lpthread >&5
configure:17260: $? = 0
configure:17269: result: yes
configure:17280: checking for main in -lsunmath
configure:17299: gcc -o conftest -g -O2  -DdDOUBLE  conftest.c -lsunmath  -lm  -lpthread >&5
/usr/bin/ld: cannot find -lsunmath
collect2: error: ld returned 1 exit status
configure:17299: $? = 1
configure: failed program was:
| /* confdefs.h */
| #define PACKAGE_NAME "ODE"
| #define PACKAGE_TARNAME "ode"
| #define PACKAGE_VERSION "0.12"
| #define PACKAGE_STRING "ODE 0.12"
| #define PACKAGE_BUGREPORT "ode@ode.org"
| #define PACKAGE_URL ""
| #define PACKAGE "ode"
| #define VERSION "0.12"
| #define STDC_HEADERS 1
| #define HAVE_SYS_TYPES_H 1
| #define HAVE_SYS_STAT_H 1
| #define HAVE_STDLIB_H 1
| #define HAVE_STRING_H 1
| #define HAVE_MEMORY_H 1
| #define HAVE_STRINGS_H 1
| #define HAVE_INTTYPES_H 1
| #define HAVE_STDINT_H 1
| #define HAVE_UNISTD_H 1
| #define HAVE_DLFCN_H 1
| #define LT_OBJDIR ".libs/"
| #define X86_64_SYSTEM 1
| #define HAVE_ALLOCA_H 1
| #define HAVE_STDIO_H 1
| #define HAVE_INTTYPES_H 1
| #define HAVE_STDINT_H 1
| #define HAVE_STDLIB_H 1
| #define HAVE_MATH_H 1
| #define HAVE_STRING_H 1
| #define HAVE_STDARG_H 1
| #define HAVE_MALLOC_H 1
| #define HAVE_FLOAT_H 1
| #define HAVE_TIME_H 1
| #define HAVE_SYS_TIME_H 1
| #define HAVE_LIMITS_H 1
| #define HAVE_STDDEF_H 1
| #define HAVE_GL_GL_H 1
| #define HAVE_GL_GLU_H 1
| #define HAVE_GL_GLEXT_H 1
| #define HAVE__BOOL 1
| #define HAVE_STDBOOL_H 1
| #define HAVE_OBSTACK 1
| #define HAVE_LIBM 1
| /* end confdefs.h.  */
| 
| 
| int
| main ()
| {
| return main ();
|   ;
|   return 0;
| }
configure:17308: result: no
configure:17322: checking for floor
configure:17322: gcc -o conftest -g -O2  -DdDOUBLE  conftest.c -lm  -lpthread >&5
conftest.c:68:6: warning: conflicting types for built-in function 'floor' [enabled by default]
 char floor ();
      ^
configure:17322: $? = 0
configure:17322: result: yes
configure:17322: checking for memmove
configure:17322: gcc -o conftest -g -O2  -DdDOUBLE  conftest.c -lm  -lpthread >&5
conftest.c:69:6: warning: conflicting types for built-in function 'memmove' [enabled by default]
 char memmove ();
      ^
configure:17322: $? = 0
configure:17322: result: yes
configure:17322: checking for memset
configure:17322: gcc -o conftest -g -O2  -DdDOUBLE  conftest.c -lm  -lpthread >&5
conftest.c:70:6: warning: conflicting types for built-in function 'memset' [enabled by default]
 char memset ();
      ^
configure:17322: $? = 0
configure:17322: result: yes
configure:17322: checking for select
configure:17322: gcc -o conftest -g -O2  -DdDOUBLE  conftest.c -lm  -lpthread >&5
configure:17322: $? = 0
configure:17322: result: yes
configure:17322: checking for sqrt
configure:17322: gcc -o conftest -g -O2  -DdDOUBLE  conftest.c -lm  -lpthread >&5
conftest.c:72:6: warning: conflicting types for built-in function 'sqrt' [enabled by default]
 char sqrt ();
      ^
configure:17322: $? = 0
configure:17322: result: yes
configure:17322: checking for sqrtf
configure:17322: gcc -o conftest -g -O2  -DdDOUBLE  conftest.c -lm  -lpthread >&5
conftest.c:73:6: warning: conflicting types for built-in function 'sqrtf' [enabled by default]
 char sqrtf ();
      ^
configure:17322: $? = 0
configure:17322: result: yes
configure:17322: checking for sinf
configure:17322: gcc -o conftest -g -O2  -DdDOUBLE  conftest.c -lm  -lpthread >&5
conftest.c:74:6: warning: conflicting types for built-in function 'sinf' [enabled by default]
 char sinf ();
      ^
configure:17322: $? = 0
configure:17322: result: yes
configure:17322: checking for cosf
configure:17322: gcc -o conftest -g -O2  -DdDOUBLE  conftest.c -lm  -lpthread >&5
conftest.c:75:6: warning: conflicting types for built-in function 'cosf' [enabled by default]
 char cosf ();
      ^
configure:17322: $? = 0
configure:17322: result: yes
configure:17322: checking for fabsf
configure:17322: gcc -o conftest -g -O2  -DdDOUBLE  conftest.c -lm  -lpthread >&5
conftest.c:76:6: warning: conflicting types for built-in function 'fabsf' [enabled by default]
 char fabsf ();
      ^
configure:17322: $? = 0
configure:17322: result: yes
configure:17322: checking for atan2f
configure:17322: gcc -o conftest -g -O2  -DdDOUBLE  conftest.c -lm  -lpthread >&5
conftest.c:77:6: warning: conflicting types for built-in function 'atan2f' [enabled by default]
 char atan2f ();
      ^
configure:17322: $? = 0
configure:17322: result: yes
configure:17322: checking for fmodf
configure:17322: gcc -o conftest -g -O2  -DdDOUBLE  conftest.c -lm  -lpthread >&5
conftest.c:78:6: warning: conflicting types for built-in function 'fmodf' [enabled by default]
 char fmodf ();
      ^
configure:17322: $? = 0
configure:17322: result: yes
configure:17322: checking for copysignf
configure:17322: gcc -o conftest -g -O2  -DdDOUBLE  conftest.c -lm  -lpthread >&5
conftest.c:79:6: warning: conflicting types for built-in function 'copysignf' [enabled by default]
 char copysignf ();
      ^
configure:17322: $? = 0
configure:17322: result: yes
configure:17322: checking for copysign
configure:17322: gcc -o conftest -g -O2  -DdDOUBLE  conftest.c -lm  -lpthread >&5
conftest.c:80:6: warning: conflicting types for built-in function 'copysign' [enabled by default]
 char copysign ();
      ^
configure:17322: $? = 0
configure:17322: result: yes
configure:17322: checking for snprintf
configure:17322: gcc -o conftest -g -O2  -DdDOUBLE  conftest.c -lm  -lpthread >&5
conftest.c:81:6: warning: conflicting types for built-in function 'snprintf' [enabled by default]
 char snprintf ();
      ^
configure:17322: $? = 0
configure:17322: result: yes
configure:17322: checking for vsnprintf
configure:17322: gcc -o conftest -g -O2  -DdDOUBLE  conftest.c -lm  -lpthread >&5
conftest.c:82:6: warning: conflicting types for built-in function 'vsnprintf' [enabled by default]
 char vsnprintf ();
      ^
configure:17322: $? = 0
configure:17322: result: yes
configure:17322: checking for gettimeofday
configure:17322: gcc -o conftest -g -O2  -DdDOUBLE  conftest.c -lm  -lpthread >&5
configure:17322: $? = 0
configure:17322: result: yes
configure:17322: checking for isnan
configure:17322: gcc -o conftest -g -O2  -DdDOUBLE  conftest.c -lm  -lpthread >&5
conftest.c:84:6: warning: conflicting types for built-in function 'isnan' [enabled by default]
 char isnan ();
      ^
configure:17322: $? = 0
configure:17322: result: yes
configure:17322: checking for isnanf
configure:17322: gcc -o conftest -g -O2  -DdDOUBLE  conftest.c -lm  -lpthread >&5
conftest.c:85:6: warning: conflicting types for built-in function 'isnanf' [enabled by default]
 char isnanf ();
      ^
configure:17322: $? = 0
configure:17322: result: yes
configure:17322: checking for _isnan
configure:17322: gcc -o conftest -g -O2  -DdDOUBLE  conftest.c -lm  -lpthread >&5
/tmp/ccPdo2cg.o: In function `main':
/home/vesalius/Desktop/pyro2/pyrosim/ode-0.12/conftest.c:97: undefined reference to `_isnan'
collect2: error: ld returned 1 exit status
configure:17322: $? = 1
configure: failed program was:
| /* confdefs.h */
| #define PACKAGE_NAME "ODE"
| #define PACKAGE_TARNAME "ode"
| #define PACKAGE_VERSION "0.12"
| #define PACKAGE_STRING "ODE 0.12"
| #define PACKAGE_BUGREPORT "ode@ode.org"
| #define PACKAGE_URL ""
| #define PACKAGE "ode"
| #define VERSION "0.12"
| #define STDC_HEADERS 1
| #define HAVE_SYS_TYPES_H 1
| #define HAVE_SYS_STAT_H 1
| #define HAVE_STDLIB_H 1
| #define HAVE_STRING_H 1
| #define HAVE_MEMORY_H 1
| #define HAVE_STRINGS_H 1
| #define HAVE_INTTYPES_H 1
| #define HAVE_STDINT_H 1
| #define HAVE_UNISTD_H 1
| #define HAVE_DLFCN_H 1
| #define LT_OBJDIR ".libs/"
| #define X86_64_SYSTEM 1
| #define HAVE_ALLOCA_H 1
| #define HAVE_STDIO_H 1
| #define HAVE_INTTYPES_H 1
| #define HAVE_STDINT_H 1
| #define HAVE_STDLIB_H 1
| #define HAVE_MATH_H 1
| #define HAVE_STRING_H 1
| #define HAVE_STDARG_H 1
| #define HAVE_MALLOC_H 1
| #define HAVE_FLOAT_H 1
| #define HAVE_TIME_H 1
| #define HAVE_SYS_TIME_H 1
| #define HAVE_LIMITS_H 1
| #define HAVE_STDDEF_H 1
| #define HAVE_GL_GL_H 1
| #define HAVE_GL_GLU_H 1
| #define HAVE_GL_GLEXT_H 1
| #define HAVE__BOOL 1
| #define HAVE_STDBOOL_H 1
| #define HAVE_OBSTACK 1
| #define HAVE_LIBM 1
| #define HAVE_FLOOR 1
| #define HAVE_MEMMOVE 1
| #define HAVE_MEMSET 1
| #define HAVE_SELECT 1
| #define HAVE_SQRT 1
| #define HAVE_SQRTF 1
| #define HAVE_SINF 1
| #define HAVE_COSF 1
| #define HAVE_FABSF 1
| #define HAVE_ATAN2F 1
| #define HAVE_FMODF 1
| #define HAVE_COPYSIGNF 1
| #define HAVE_COPYSIGN 1
| #define HAVE_SNPRINTF 1
| #define HAVE_VSNPRINTF 1
| #define HAVE_GETTIMEOFDAY 1
| #define HAVE_ISNAN 1
| #define HAVE_ISNANF 1
| /* end confdefs.h.  */
| /* Define _isnan to an innocuous variant, in case <limits.h> declares _isnan.
|    For example, HP-UX 11i <limits.h> declares gettimeofday.  */
| #define _isnan innocuous__isnan
| 
| /* System header to define __stub macros and hopefully few prototypes,
|     which can conflict with char _isnan (); below.
|     Prefer <limits.h> to <assert.h> if __STDC__ is defined, since
|     <limits.h> exists even on freestanding compilers.  */
| 
| #ifdef __STDC__
| # include <limits.h>
| #else
| # include <assert.h>
| #endif
| 
| #undef _isnan
| 
| /* Override any GCC internal prototype to avoid an error.
|    Use char because int might match the return type of a GCC
|    builtin and then its argument prototype would still apply.  */
| #ifdef __cplusplus
| extern "C"
| #endif
| char _isnan ();
| /* The GNU C library defines this for functions which it implements
|     to always fail with ENOSYS.  Some functions are actually named
|     something starting with __ and the normal name is an alias.  */
| #if defined __stub__isnan || defined __stub____isnan
| choke me
| #endif
| 
| int
| main ()
| {
| return _isnan ();
|   ;
|   return 0;
| }
configure:17322: result: no
configure:17322: checking for _isnanf
configure:17322: gcc -o conftest -g -O2  -DdDOUBLE  conftest.c -lm  -lpthread >&5
/tmp/ccjWniIk.o: In function `main':
/home/vesalius/Desktop/pyro2/pyrosim/ode-0.12/conftest.c:97: undefined reference to `_isnanf'
collect2: error: ld returned 1 exit status
configure:17322: $? = 1
configure: failed program was:
| /* confdefs.h */
| #define PACKAGE_NAME "ODE"
| #define PACKAGE_TARNAME "ode"
| #define PACKAGE_VERSION "0.12"
| #define PACKAGE_STRING "ODE 0.12"
| #define PACKAGE_BUGREPORT "ode@ode.org"
| #define PACKAGE_URL ""
| #define PACKAGE "ode"
| #define VERSION "0.12"
| #define STDC_HEADERS 1
| #define HAVE_SYS_TYPES_H 1
| #define HAVE_SYS_STAT_H 1
| #define HAVE_STDLIB_H 1
| #define HAVE_STRING_H 1
| #define HAVE_MEMORY_H 1
| #define HAVE_STRINGS_H 1
| #define HAVE_INTTYPES_H 1
| #define HAVE_STDINT_H 1
| #define HAVE_UNISTD_H 1
| #define HAVE_DLFCN_H 1
| #define LT_OBJDIR ".libs/"
| #define X86_64_SYSTEM 1
| #define HAVE_ALLOCA_H 1
| #define HAVE_STDIO_H 1
| #define HAVE_INTTYPES_H 1
| #define HAVE_STDINT_H 1
| #define HAVE_STDLIB_H 1
| #define HAVE_MATH_H 1
| #define HAVE_STRING_H 1
| #define HAVE_STDARG_H 1
| #define HAVE_MALLOC_H 1
| #define HAVE_FLOAT_H 1
| #define HAVE_TIME_H 1
| #define HAVE_SYS_TIME_H 1
| #define HAVE_LIMITS_H 1
| #define HAVE_STDDEF_H 1
| #define HAVE_GL_GL_H 1
| #define HAVE_GL_GLU_H 1
| #define HAVE_GL_GLEXT_H 1
| #define HAVE__BOOL 1
| #define HAVE_STDBOOL_H 1
| #define HAVE_OBSTACK 1
| #define HAVE_LIBM 1
| #define HAVE_FLOOR 1
| #define HAVE_MEMMOVE 1
| #define HAVE_MEMSET 1
| #define HAVE_SELECT 1
| #define HAVE_SQRT 1
| #define HAVE_SQRTF 1
| #define HAVE_SINF 1
| #define HAVE_COSF 1
| #define HAVE_FABSF 1
| #define HAVE_ATAN2F 1
| #define HAVE_FMODF 1
| #define HAVE_COPYSIGNF 1
| #define HAVE_COPYSIGN 1
| #define HAVE_SNPRINTF 1
| #define HAVE_VSNPRINTF 1
| #define HAVE_GETTIMEOFDAY 1
| #define HAVE_ISNAN 1
| #define HAVE_ISNANF 1
| /* end confdefs.h.  */
| /* Define _isnanf to an innocuous variant, in case <limits.h> declares _isnanf.
|    For example, HP-UX 11i <limits.h> declares gettimeofday.  */
| #define _isnanf innocuous__isnanf
| 
| /* System header to define __stub macros and hopefully few prototypes,
|     which can conflict with char _isnanf (); below.
|     Prefer <limits.h> to <assert.h> if __STDC__ is defined, since
|     <limits.h> exists even on freestanding compilers.  */
| 
| #ifdef __STDC__
| # include <limits.h>
| #else
| # include <assert.h>
| #endif
| 
| #undef _isnanf
| 
| /* Override any GCC internal prototype to avoid an error.
|    Use char because int might match the return type of a GCC
|    builtin and then its argument prototype would still apply.  */
| #ifdef __cplusplus
| extern "C"
| #endif
| char _isnanf ();
| /* The GNU C library defines this for functions which it implements
|     to always fail with ENOSYS.  Some functions are actually named
|     something starting with __ and the normal name is an alias.  */
| #if defined __stub__isnanf || defined __stub____isnanf
| choke me
| #endif
| 
| int
| main ()
| {
| return _isnanf ();
|   ;
|   return 0;
| }
configure:17322: result: no
configure:17322: checking for __isnan
configure:17322: gcc -o conftest -g -O2  -DdDOUBLE  conftest.c -lm  -lpthread >&5
configure:17322: $? = 0
configure:17322: result: yes
configure:17322: checking for __isnanf
configure:17322: gcc -o conftest -g -O2  -DdDOUBLE  conftest.c -lm  -lpthread >&5
configure:17322: $? = 0
configure:17322: result: yes
configure:17322: checking for strchr
configure:17322: gcc -o conftest -g -O2  -DdDOUBLE  conftest.c -lm  -lpthread >&5
conftest.c:88:6: warning: conflicting types for built-in function 'strchr' [enabled by default]
 char strchr ();
      ^
configure:17322: $? = 0
configure:17322: result: yes
configure:17322: checking for strstr
configure:17322: gcc -o conftest -g -O2  -DdDOUBLE  conftest.c -lm  -lpthread >&5
conftest.c:89:6: warning: conflicting types for built-in function 'strstr' [enabled by default]
 char strstr ();
      ^
configure:17322: $? = 0
configure:17322: result: yes
configure:17333: checking for working alloca.h
configure:17350: gcc -o conftest -g -O2  -DdDOUBLE  conftest.c -lm  -lpthread >&5
configure:17350: $? = 0
configure:17358: result: yes
configure:17366: checking for alloca
configure:17403: gcc -o conftest -g -O2  -DdDOUBLE  conftest.c -lm  -lpthread >&5
configure:17403: $? = 0
configure:17411: result: yes
configure:17522: checking for stdlib.h
configure:17522: result: yes
configure:17532: checking for GNU libc compatible malloc
configure:17556: gcc -o conftest -g -O2  -DdDOUBLE  conftest.c -lm  -lpthread >&5
configure:17556: $? = 0
configure:17556: ./conftest
configure:17556: $? = 0
configure:17566: result: yes
configure:17587: checking for obstacks
configure:17616: result: yes
configure:17633: checking for stdlib.h
configure:17633: result: yes
configure:17643: checking for GNU libc compatible realloc
configure:17667: gcc -o conftest -g -O2  -DdDOUBLE  conftest.c -lm  -lpthread >&5
configure:17667: $? = 0
configure:17667: ./conftest
configure:17667: $? = 0
configure:17677: result: yes
configure:17701: checking sys/select.h usability
configure:17701: gcc -c -g -O2  -DdDOUBLE conftest.c >&5
configure:17701: $? = 0
configure:17701: result: yes
configure:17701: checking sys/select.h presence
configure:17701: gcc -E  -DdDOUBLE conftest.c
configure:17701: $? = 0
configure:17701: result: yes
configure:17701: checking for sys/select.h
configure:17701: result: yes
configure:17701: checking sys/socket.h usability
configure:17701: gcc -c -g -O2  -DdDOUBLE conftest.c >&5
configure:17701: $? = 0
configure:17701: result: yes
configure:17701: checking sys/socket.h presence
configure:17701: gcc -E  -DdDOUBLE conftest.c
configure:17701: $? = 0
configure:17701: result: yes
configure:17701: checking for sys/socket.h
configure:17701: result: yes
configure:17711: checking types of arguments for select
configure:17739: gcc -c -g -O2  -DdDOUBLE conftest.c >&5
configure:17739: $? = 0
configure:17750: result: int,fd_set *,struct timeval *
configure:17775: checking for vprintf
configure:17775: gcc -o conftest -g -O2  -DdDOUBLE  conftest.c -lm  -lpthread >&5
conftest.c:102:6: warning: conflicting types for built-in function 'vprintf' [enabled by default]
 char vprintf ();
      ^
configure:17775: $? = 0
configure:17775: result: yes
configure:17781: checking for _doprnt
configure:17781: gcc -o conftest -g -O2  -DdDOUBLE  conftest.c -lm  -lpthread >&5
/tmp/cc16XhU1.o: In function `main':
/home/vesalius/Desktop/pyro2/pyrosim/ode-0.12/conftest.c:114: undefined reference to `_doprnt'
collect2: error: ld returned 1 exit status
configure:17781: $? = 1
configure: failed program was:
| /* confdefs.h */
| #define PACKAGE_NAME "ODE"
| #define PACKAGE_TARNAME "ode"
| #define PACKAGE_VERSION "0.12"
| #define PACKAGE_STRING "ODE 0.12"
| #define PACKAGE_BUGREPORT "ode@ode.org"
| #define PACKAGE_URL ""
| #define PACKAGE "ode"
| #define VERSION "0.12"
| #define STDC_HEADERS 1
| #define HAVE_SYS_TYPES_H 1
| #define HAVE_SYS_STAT_H 1
| #define HAVE_STDLIB_H 1
| #define HAVE_STRING_H 1
| #define HAVE_MEMORY_H 1
| #define HAVE_STRINGS_H 1
| #define HAVE_INTTYPES_H 1
| #define HAVE_STDINT_H 1
| #define HAVE_UNISTD_H 1
| #define HAVE_DLFCN_H 1
| #define LT_OBJDIR ".libs/"
| #define X86_64_SYSTEM 1
| #define HAVE_ALLOCA_H 1
| #define HAVE_STDIO_H 1
| #define HAVE_INTTYPES_H 1
| #define HAVE_STDINT_H 1
| #define HAVE_STDLIB_H 1
| #define HAVE_MATH_H 1
| #define HAVE_STRING_H 1
| #define HAVE_STDARG_H 1
| #define HAVE_MALLOC_H 1
| #define HAVE_FLOAT_H 1
| #define HAVE_TIME_H 1
| #define HAVE_SYS_TIME_H 1
| #define HAVE_LIMITS_H 1
| #define HAVE_STDDEF_H 1
| #define HAVE_GL_GL_H 1
| #define HAVE_GL_GLU_H 1
| #define HAVE_GL_GLEXT_H 1
| #define HAVE__BOOL 1
| #define HAVE_STDBOOL_H 1
| #define HAVE_OBSTACK 1
| #define HAVE_LIBM 1
| #define HAVE_FLOOR 1
| #define HAVE_MEMMOVE 1
| #define HAVE_MEMSET 1
| #define HAVE_SELECT 1
| #define HAVE_SQRT 1
| #define HAVE_SQRTF 1
| #define HAVE_SINF 1
| #define HAVE_COSF 1
| #define HAVE_FABSF 1
| #define HAVE_ATAN2F 1
| #define HAVE_FMODF 1
| #define HAVE_COPYSIGNF 1
| #define HAVE_COPYSIGN 1
| #define HAVE_SNPRINTF 1
| #define HAVE_VSNPRINTF 1
| #define HAVE_GETTIMEOFDAY 1
| #define HAVE_ISNAN 1
| #define HAVE_ISNANF 1
| #define HAVE___ISNAN 1
| #define HAVE___ISNANF 1
| #define HAVE_STRCHR 1
| #define HAVE_STRSTR 1
| #define HAVE_ALLOCA_H 1
| #define HAVE_ALLOCA 1
| #define HAVE_STDLIB_H 1
| #define HAVE_MALLOC 1
| #define HAVE_OBSTACK 1
| #define HAVE_STDLIB_H 1
| #define HAVE_REALLOC 1
| #define HAVE_SYS_SELECT_H 1
| #define HAVE_SYS_SOCKET_H 1
| #define SELECT_TYPE_ARG1 int
| #define SELECT_TYPE_ARG234 (fd_set *)
| #define SELECT_TYPE_ARG5 (struct timeval *)
| #define HAVE_VPRINTF 1
| /* end confdefs.h.  */
| /* Define _doprnt to an innocuous variant, in case <limits.h> declares _doprnt.
|    For example, HP-UX 11i <limits.h> declares gettimeofday.  */
| #define _doprnt innocuous__doprnt
| 
| /* System header to define __stub macros and hopefully few prototypes,
|     which can conflict with char _doprnt (); below.
|     Prefer <limits.h> to <assert.h> if __STDC__ is defined, since
|     <limits.h> exists even on freestanding compilers.  */
| 
| #ifdef __STDC__
| # include <limits.h>
| #else
| # include <assert.h>
| #endif
| 
| #undef _doprnt
| 
| /* Override any GCC internal prototype to avoid an error.
|    Use char because int might match the return type of a GCC
|    builtin and then its argument prototype would still apply.  */
| #ifdef __cplusplus
| extern "C"
| #endif
| char _doprnt ();
| /* The GNU C library defines this for functions which it implements
|     to always fail with ENOSYS.  Some functions are actually named
|     something starting with __ and the normal name is an alias.  */
| #if defined __stub__doprnt || defined __stub____doprnt
| choke me
| #endif
| 
| int
| main ()
| {
| return _doprnt ();
|   ;
|   return 0;
| }
configure:17781: result: no
configure:18298: creating ./config.status

## ---------------------- ##
## Running config.status. ##
## ---------------------- ##

This file was extended by ODE config.status 0.12, which was
generated by GNU Autoconf 2.68.  Invocation command line was

  CONFIG_FILES    = 
  CONFIG_HEADERS  = 
  CONFIG_LINKS    = 
  CONFIG_COMMANDS = 
  $ ./config.status 

on David

config.status:1286: creating Makefile
config.status:1286: creating include/Makefile
config.status:1286: creating include/ode/Makefile
config.status:1286: creating include/drawstuff/Makefile
config.status:1286: creating ode/Makefile
config.status:1286: creating ode/src/Makefile
config.status:1286: creating ode/src/joints/Makefile
config.status:1286: creating drawstuff/Makefile
config.status:1286: creating drawstuff/src/Makefile
config.status:1286: creating drawstuff/dstest/Makefile
config.status:1286: creating ode/demo/Makefile
config.status:1286: creating OPCODE/Makefile
config.status:1286: creating OPCODE/Ice/Makefile
config.status:1286: creating GIMPACT/Makefile
config.status:1286: creating GIMPACT/include/Makefile
config.status:1286: creating GIMPACT/include/GIMPACT/Makefile
config.status:1286: creating GIMPACT/src/Makefile
config.status:1286: creating tests/Makefile
config.status:1286: creating tests/UnitTest++/Makefile
config.status:1286: creating tests/UnitTest++/src/Makefile
config.status:1286: creating tests/UnitTest++/src/Posix/Makefile
config.status:1286: creating tests/UnitTest++/src/Win32/Makefile
config.status:1286: creating ode-config
config.status:1286: creating ode.pc
config.status:1286: creating ode/src/config.h
config.status:1515: executing depfiles commands
config.status:1515: executing libtool commands
configure:20896: === configuring in ou (/home/vesalius/Desktop/pyro2/pyrosim/ode-0.12/ou)
configure:20959: running /bin/bash ./configure --disable-option-checking '--prefix=/usr/local'  '--enable-double-precision' --cache-file=/dev/null --srcdir=.
configure:20896: === configuring in libccd (/home/vesalius/Desktop/pyro2/pyrosim/ode-0.12/libccd)
configure:20959: running /bin/bash ./configure --disable-option-checking '--prefix=/usr/local'  '--enable-double-precision' --cache-file=/dev/null --srcdir=.

## ---------------- ##
## Cache variables. ##
## ---------------- ##

ac_cv_build=x86_64-unknown-linux-gnu
ac_cv_c_bigendian=no
ac_cv_c_compiler_gnu=yes
ac_cv_c_inline=inline
ac_cv_c_int32_t=yes
ac_cv_c_uint32_t=yes
ac_cv_c_volatile=yes
ac_cv_cxx_compiler_gnu=yes
ac_cv_env_CCC_set=
ac_cv_env_CCC_value=
ac_cv_env_CC_set=
ac_cv_env_CC_value=
ac_cv_env_CFLAGS_set=
ac_cv_env_CFLAGS_value=
ac_cv_env_CPPFLAGS_set=
ac_cv_env_CPPFLAGS_value=
ac_cv_env_CPP_set=
ac_cv_env_CPP_value=
ac_cv_env_CXXCPP_set=
ac_cv_env_CXXCPP_value=
ac_cv_env_CXXFLAGS_set=
ac_cv_env_CXXFLAGS_value=
ac_cv_env_CXX_set=
ac_cv_env_CXX_value=
ac_cv_env_LDFLAGS_set=
ac_cv_env_LDFLAGS_value=
ac_cv_env_LIBS_set=
ac_cv_env_LIBS_value=
ac_cv_env_PKG_CONFIG_LIBDIR_set=
ac_cv_env_PKG_CONFIG_LIBDIR_value=
ac_cv_env_PKG_CONFIG_PATH_set=
ac_cv_env_PKG_CONFIG_PATH_value=
ac_cv_env_PKG_CONFIG_set=
ac_cv_env_PKG_CONFIG_value=
ac_cv_env_X11_CFLAGS_set=
ac_cv_env_X11_CFLAGS_value=
ac_cv_env_X11_LIBS_set=
ac_cv_env_X11_LIBS_value=
ac_cv_env_build_alias_set=
ac_cv_env_build_alias_value=
ac_cv_env_host_alias_set=
ac_cv_env_host_alias_value=
ac_cv_env_target_alias_set=
ac_cv_env_target_alias_value=
ac_cv_func___isnan=yes
ac_cv_func___isnanf=yes
ac_cv_func__doprnt=no
ac_cv_func__isnan=no
ac_cv_func__isnanf=no
ac_cv_func_alloca_works=yes
ac_cv_func_atan2f=yes
ac_cv_func_copysign=yes
ac_cv_func_copysignf=yes
ac_cv_func_cosf=yes
ac_cv_func_fabsf=yes
ac_cv_func_floor=yes
ac_cv_func_fmodf=yes
ac_cv_func_gettimeofday=yes
ac_cv_func_isnan=yes
ac_cv_func_isnanf=yes
ac_cv_func_malloc_0_nonnull=yes
ac_cv_func_memmove=yes
ac_cv_func_memset=yes
ac_cv_func_obstack=yes
ac_cv_func_realloc_0_nonnull=yes
ac_cv_func_select=yes
ac_cv_func_select_args='int,fd_set *,struct timeval *'
ac_cv_func_sinf=yes
ac_cv_func_snprintf=yes
ac_cv_func_sqrt=yes
ac_cv_func_sqrtf=yes
ac_cv_func_strchr=yes
ac_cv_func_strstr=yes
ac_cv_func_vprintf=yes
ac_cv_func_vsnprintf=yes
ac_cv_header_GL_gl_h=yes
ac_cv_header_GL_glext_h=yes
ac_cv_header_GL_glu_h=yes
ac_cv_header_alloca_h=yes
ac_cv_header_dlfcn_h=yes
ac_cv_header_float_h=yes
ac_cv_header_inttypes_h=yes
ac_cv_header_limits_h=yes
ac_cv_header_malloc_h=yes
ac_cv_header_math_h=yes
ac_cv_header_memory_h=yes
ac_cv_header_stdarg_h=yes
ac_cv_header_stdbool_h=yes
ac_cv_header_stdc=yes
ac_cv_header_stddef_h=yes
ac_cv_header_stdint_h=yes
ac_cv_header_stdio_h=yes
ac_cv_header_stdlib_h=yes
ac_cv_header_string_h=yes
ac_cv_header_strings_h=yes
ac_cv_header_sys_select_h=yes
ac_cv_header_sys_socket_h=yes
ac_cv_header_sys_stat_h=yes
ac_cv_header_sys_time_h=yes
ac_cv_header_sys_types_h=yes
ac_cv_header_time_h=yes
ac_cv_header_unistd_h=yes
ac_cv_host=x86_64-unknown-linux-gnu
ac_cv_lib_GLU_main=yes
ac_cv_lib_GL_main=yes
ac_cv_lib_glu32_main=no
ac_cv_lib_m_main=yes
ac_cv_lib_opengl32_main=no
ac_cv_lib_pthread_main=yes
ac_cv_lib_stdcpp_main=yes
ac_cv_lib_sunmath_main=no
ac_cv_objext=o
ac_cv_path_EGREP='/bin/grep -E'
ac_cv_path_FGREP='/bin/grep -F'
ac_cv_path_GREP=/bin/grep
ac_cv_path_SED=/bin/sed
ac_cv_path_ac_pt_PKG_CONFIG=/usr/bin/pkg-config
ac_cv_path_install='/usr/bin/install -c'
ac_cv_path_mkdir=/bin/mkdir
ac_cv_prog_AWK=mawk
ac_cv_prog_CPP='gcc -E'
ac_cv_prog_CXXCPP='g++ -E'
ac_cv_prog_ac_ct_AR=ar
ac_cv_prog_ac_ct_CC=gcc
ac_cv_prog_ac_ct_CXX=g++
ac_cv_prog_ac_ct_MANIFEST_TOOL=mt
ac_cv_prog_ac_ct_OBJDUMP=objdump
ac_cv_prog_ac_ct_RANLIB=ranlib
ac_cv_prog_ac_ct_STRIP=strip
ac_cv_prog_cc_c89=
ac_cv_prog_cc_g=yes
ac_cv_prog_cc_gcc_c_o=yes
ac_cv_prog_cxx_g=yes
ac_cv_prog_make_make_set=yes
ac_cv_type__Bool=yes
ac_cv_type_size_t=yes
ac_cv_working_alloca_h=yes
am_cv_CC_dependencies_compiler_type=gcc3
am_cv_CXX_dependencies_compiler_type=gcc3
lt_cv_ar_at_file=@
lt_cv_deplibs_check_method=pass_all
lt_cv_file_magic_cmd='$MAGIC_CMD'
lt_cv_file_magic_test_file=
lt_cv_ld_reload_flag=-r
lt_cv_nm_interface='BSD nm'
lt_cv_objdir=.libs
lt_cv_path_LD=/usr/bin/ld
lt_cv_path_LDCXX='/usr/bin/ld -m elf_x86_64'
lt_cv_path_NM='/usr/bin/nm -B'
lt_cv_path_mainfest_tool=no
lt_cv_prog_compiler_c_o=yes
lt_cv_prog_compiler_c_o_CXX=yes
lt_cv_prog_compiler_pic='-fPIC -DPIC'
lt_cv_prog_compiler_pic_CXX='-fPIC -DPIC'
lt_cv_prog_compiler_pic_works=yes
lt_cv_prog_compiler_pic_works_CXX=yes
lt_cv_prog_compiler_rtti_exceptions=no
lt_cv_prog_compiler_static_works=yes
lt_cv_prog_compiler_static_works_CXX=yes
lt_cv_prog_gnu_ld=yes
lt_cv_prog_gnu_ldcxx=yes
lt_cv_sharedlib_from_linklib_cmd='printf %s\n'
lt_cv_shlibpath_overrides_runpath=no
lt_cv_sys_global_symbol_pipe='sed -n -e '\''s/^.*[	 ]\([ABCDGIRSTW][ABCDGIRSTW]*\)[	 ][	 ]*\([_A-Za-z][_A-Za-z0-9]*\)$/\1 \2 \2/p'\'' | sed '\''/ __gnu_lto/d'\'''
lt_cv_sys_global_symbol_to_c_name_address='sed -n -e '\''s/^: \([^ ]*\)[ ]*$/  {\"\1\", (void *) 0},/p'\'' -e '\''s/^[ABCDGIRSTW]* \([^ ]*\) \([^ ]*\)$/  {"\2", (void *) \&\2},/p'\'''
lt_cv_sys_global_symbol_to_c_name_address_lib_prefix='sed -n -e '\''s/^: \([^ ]*\)[ ]*$/  {\"\1\", (void *) 0},/p'\'' -e '\''s/^[ABCDGIRSTW]* \([^ ]*\) \(lib[^ ]*\)$/  {"\2", (void *) \&\2},/p'\'' -e '\''s/^[ABCDGIRSTW]* \([^ ]*\) \([^ ]*\)$/  {"lib\2", (void *) \&\2},/p'\'''
lt_cv_sys_global_symbol_to_cdecl='sed -n -e '\''s/^T .* \(.*\)$/extern int \1();/p'\'' -e '\''s/^[ABCDGIRSTW]* .* \(.*\)$/extern char \1;/p'\'''
lt_cv_sys_max_cmd_len=1572864
lt_cv_to_host_file_cmd=func_convert_file_noop
lt_cv_to_tool_file_cmd=func_convert_file_noop
pkg_cv_X11_CFLAGS=' '
pkg_cv_X11_LIBS='-lX11  '

## ----------------- ##
## Output variables. ##
## ----------------- ##

ACLOCAL='${SHELL} /home/vesalius/Desktop/pyro2/pyrosim/ode-0.12/missing --run aclocal-1.11'
ALLOCA=''
AMDEPBACKSLASH='\'
AMDEP_FALSE='#'
AMDEP_TRUE=''
AMTAR='$${TAR-tar}'
AR='ar'
AS='as'
AUTOCONF='${SHELL} /home/vesalius/Desktop/pyro2/pyrosim/ode-0.12/missing --run autoconf'
AUTOHEADER='${SHELL} /home/vesalius/Desktop/pyro2/pyrosim/ode-0.12/missing --run autoheader'
AUTOMAKE='${SHELL} /home/vesalius/Desktop/pyro2/pyrosim/ode-0.12/missing --run automake-1.11'
AWK='mawk'
CC='gcc'
CCDEPMODE='depmode=gcc3'
CFLAGS='-g -O2'
CPP='gcc -E'
CPPFLAGS=' -DdDOUBLE'
CXX='g++'
CXXCPP='g++ -E'
CXXDEPMODE='depmode=gcc3'
CXXFLAGS='-g -O2'
CYGPATH_W='echo'
DEFS='-DHAVE_CONFIG_H'
DEPDIR='.deps'
DLLTOOL='false'
DSYMUTIL=''
DUMPBIN=''
ECHO_C=''
ECHO_N='-n'
ECHO_T=''
EGREP='/bin/grep -E'
ENABLE_DEMOS_FALSE='#'
ENABLE_DEMOS_TRUE=''
ENABLE_DRAWSTUFF_FALSE='#'
ENABLE_DRAWSTUFF_TRUE=''
ENABLE_OU_FALSE=''
ENABLE_OU_TRUE='#'
EXEEXT=''
EXTRA_LIBTOOL_LDFLAGS=''
FGREP='/bin/grep -F'
GIMPACT_FALSE=''
GIMPACT_TRUE='#'
GL_LIBS='-lGLU -lGL'
GREP='/bin/grep'
INSTALL_DATA='${INSTALL} -m 644'
INSTALL_PROGRAM='${INSTALL}'
INSTALL_SCRIPT='${INSTALL}'
INSTALL_STRIP_PROGRAM='$(install_sh) -c -s'
LD='/usr/bin/ld -m elf_x86_64'
LDFLAGS=''
LIBCCD_BOX_CYL_FALSE=''
LIBCCD_BOX_CYL_TRUE='#'
LIBCCD_CAP_CYL_FALSE=''
LIBCCD_CAP_CYL_TRUE='#'
LIBCCD_CONVEX_BOX_FALSE=''
LIBCCD_CONVEX_BOX_TRUE='#'
LIBCCD_CONVEX_CAP_FALSE=''
LIBCCD_CONVEX_CAP_TRUE='#'
LIBCCD_CONVEX_CONVEX_FALSE=''
LIBCCD_CONVEX_CONVEX_TRUE='#'
LIBCCD_CONVEX_CYL_FALSE=''
LIBCCD_CONVEX_CYL_TRUE='#'
LIBCCD_CONVEX_SPHERE_FALSE=''
LIBCCD_CONVEX_SPHERE_TRUE='#'
LIBCCD_CYL_CYL_FALSE=''
LIBCCD_CYL_CYL_TRUE='#'
LIBCCD_FALSE=''
LIBCCD_TRUE='#'
LIBOBJS=''
LIBS='-lm  -lpthread'
LIBSTDCXX='-lstdc++'
LIBTOOL='$(SHELL) $(top_builddir)/libtool'
LIPO=''
LN_S='ln -s'
LTLIBOBJS=''
MAKEINFO='${SHELL} /home/vesalius/Desktop/pyro2/pyrosim/ode-0.12/missing --run makeinfo'
MANIFEST_TOOL=':'
MKDIR_P='/bin/mkdir -p'
NM='/usr/bin/nm -B'
NMEDIT=''
OBJDUMP='objdump'
OBJEXT='o'
ODE_PRECISION='-DdDOUBLE'
ODE_RELEASE='0.12'
ODE_VERSION_INFO='-version-info 3:0:0'
OPCODE_FALSE='#'
OPCODE_TRUE=''
OSX_FALSE=''
OSX_TRUE='#'
OTOOL64=''
OTOOL=''
PACKAGE='ode'
PACKAGE_BUGREPORT='ode@ode.org'
PACKAGE_NAME='ODE'
PACKAGE_STRING='ODE 0.12'
PACKAGE_TARNAME='ode'
PACKAGE_URL=''
PACKAGE_VERSION='0.12'
PATH_SEPARATOR=':'
PKG_CONFIG='/usr/bin/pkg-config'
PKG_CONFIG_LIBDIR=''
PKG_CONFIG_PATH=''
RANLIB='ranlib'
SED='/bin/sed'
SET_MAKE=''
SHELL='/bin/bash'
STRIP='strip'
TRIMESH_FALSE='#'
TRIMESH_TRUE=''
VERSION='0.12'
WIN32_FALSE=''
WIN32_TRUE='#'
WINDRES=''
X11_CFLAGS=' '
X11_FALSE='#'
X11_LIBS='-lX11  '
X11_TRUE=''
X86_64_SYSTEM_FALSE='#'
X86_64_SYSTEM_TRUE=''
ac_ct_AR='ar'
ac_ct_CC='gcc'
ac_ct_CXX='g++'
ac_ct_DUMPBIN=''
ac_ct_WINDRES=''
am__EXEEXT_FALSE=''
am__EXEEXT_TRUE='#'
am__fastdepCC_FALSE='#'
am__fastdepCC_TRUE=''
am__fastdepCXX_FALSE='#'
am__fastdepCXX_TRUE=''
am__include='include'
am__isrc=''
am__leading_dot='.'
am__nodep='_no'
am__quote=''
am__tar='$${TAR-tar} chof - "$$tardir"'
am__untar='$${TAR-tar} xf -'
bindir='${exec_prefix}/bin'
build='x86_64-unknown-linux-gnu'
build_alias=''
build_cpu='x86_64'
build_os='linux-gnu'
build_vendor='unknown'
datadir='${datarootdir}'
datarootdir='${prefix}/share'
docdir='${datarootdir}/doc/${PACKAGE_TARNAME}'
dvidir='${docdir}'
exec_prefix='${prefix}'
host='x86_64-unknown-linux-gnu'
host_alias=''
host_cpu='x86_64'
host_os='linux-gnu'
host_vendor='unknown'
htmldir='${docdir}'
includedir='${prefix}/include'
infodir='${datarootdir}/info'
install_sh='${SHELL} /home/vesalius/Desktop/pyro2/pyrosim/ode-0.12/install-sh'
libdir='${exec_prefix}/lib'
libexecdir='${exec_prefix}/libexec'
localedir='${datarootdir}/locale'
localstatedir='${prefix}/var'
mandir='${datarootdir}/man'
mkdir_p='/bin/mkdir -p'
oldincludedir='/usr/include'
pdfdir='${docdir}'
prefix='/usr/local'
program_transform_name='s,x,x,'
psdir='${docdir}'
sbindir='${exec_prefix}/sbin'
sharedstatedir='${prefix}/com'
subdirs=' ou libccd'
sysconfdir='${prefix}/etc'
target_alias=''

## ----------- ##
## confdefs.h. ##
## ----------- ##

/* confdefs.h */
#define PACKAGE_NAME "ODE"
#define PACKAGE_TARNAME "ode"
#define PACKAGE_VERSION "0.12"
#define PACKAGE_STRING "ODE 0.12"
#define PACKAGE_BUGREPORT "ode@ode.org"
#define PACKAGE_URL ""
#define PACKAGE "ode"
#define VERSION "0.12"
#define STDC_HEADERS 1
#define HAVE_SYS_TYPES_H 1
#define HAVE_SYS_STAT_H 1
#define HAVE_STDLIB_H 1
#define HAVE_STRING_H 1
#define HAVE_MEMORY_H 1
#define HAVE_STRINGS_H 1
#define HAVE_INTTYPES_H 1
#define HAVE_STDINT_H 1
#define HAVE_UNISTD_H 1
#define HAVE_DLFCN_H 1
#define LT_OBJDIR ".libs/"
#define X86_64_SYSTEM 1
#define HAVE_ALLOCA_H 1
#define HAVE_STDIO_H 1
#define HAVE_INTTYPES_H 1
#define HAVE_STDINT_H 1
#define HAVE_STDLIB_H 1
#define HAVE_MATH_H 1
#define HAVE_STRING_H 1
#define HAVE_STDARG_H 1
#define HAVE_MALLOC_H 1
#define HAVE_FLOAT_H 1
#define HAVE_TIME_H 1
#define HAVE_SYS_TIME_H 1
#define HAVE_LIMITS_H 1
#define HAVE_STDDEF_H 1
#define HAVE_GL_GL_H 1
#define HAVE_GL_GLU_H 1
#define HAVE_GL_GLEXT_H 1
#define HAVE__BOOL 1
#define HAVE_STDBOOL_H 1
#define HAVE_OBSTACK 1
#define HAVE_LIBM 1
#define HAVE_FLOOR 1
#define HAVE_MEMMOVE 1
#define HAVE_MEMSET 1
#define HAVE_SELECT 1
#define HAVE_SQRT 1
#define HAVE_SQRTF 1
#define HAVE_SINF 1
#define HAVE_COSF 1
#define HAVE_FABSF 1
#define HAVE_ATAN2F 1
#define HAVE_FMODF 1
#define HAVE_COPYSIGNF 1
#define HAVE_COPYSIGN 1
#define HAVE_SNPRINTF 1
#define HAVE_VSNPRINTF 1
#define HAVE_GETTIMEOFDAY 1
#define HAVE_ISNAN 1
#define HAVE_ISNANF 1
#define HAVE___ISNAN 1
#define HAVE___ISNANF 1
#define HAVE_STRCHR 1
#define HAVE_STRSTR 1
#define HAVE_ALLOCA_H 1
#define HAVE_ALLOCA 1
#define HAVE_STDLIB_H 1
#define HAVE_MALLOC 1
#define HAVE_OBSTACK 1
#define HAVE_STDLIB_H 1
#define HAVE_REALLOC 1
#define HAVE_SYS_SELECT_H 1
#define HAVE_SYS_SOCKET_H 1
#define SELECT_TYPE_ARG1 int
#define SELECT_TYPE_ARG234 (fd_set *)
#define SELECT_TYPE_ARG5 (struct timeval *)
#define HAVE_VPRINTF 1

configure: exit 0
